<?xml version="1.0" encoding="UTF-8"?>
<testsuite name="com.joecolantonio.serenity.AcceptanceTestSuite" time="3.159" tests="12" errors="3" skipped="4" failures="3">
  <properties>
[...]
</properties>
  <testcase name="BeforeStories" classname="java.lang.Object" time="0.006"/>
  <testcase name="Given the user is on the Wikionary home page" classname="com.joecolantonio.serenity.steps.DefinitionSteps" time="0.319">
    <error message="Could not instantiate class org.openqa.selenium.firefox.FirefoxDriver" type="net.thucydides.core.webdriver.UnsupportedDriverException"><![CDATA[net.thucydides.core.webdriver.UnsupportedDriverException: Could not instantiate class org.openqa.selenium.firefox.FirefoxDriver
	at org.openqa.selenium.firefox.internal.Executable.<init>(Executable.java:75)
	at org.openqa.selenium.firefox.FirefoxBinary.<init>(FirefoxBinary.java:60)
	at org.openqa.selenium.firefox.FirefoxBinary.<init>(FirefoxBinary.java:56)
	at org.openqa.selenium.firefox.FirefoxDriver.getBinary(FirefoxDriver.java:203)
	at org.openqa.selenium.firefox.FirefoxDriver.<init>(FirefoxDriver.java:128)
	at net.thucydides.core.webdriver.strategies.FirefoxDriverBuilder.newInstance(FirefoxDriverBuilder.java:34)
	at net.thucydides.core.webdriver.WebDriverFactory.newWebdriverInstance(WebDriverFactory.java:116)
	at net.thucydides.core.webdriver.WebDriverFacade.newDriverInstance(WebDriverFacade.java:142)
	at net.thucydides.core.webdriver.WebDriverFacade.newProxyDriver(WebDriverFacade.java:133)
	at net.thucydides.core.webdriver.WebDriverFacade.getProxiedDriver(WebDriverFacade.java:103)
	at net.thucydides.core.webdriver.WebDriverFacade.openIgnoringHtmlUnitScriptErrors(WebDriverFacade.java:178)
	at net.thucydides.core.webdriver.WebDriverFacade.get(WebDriverFacade.java:173)
	at net.serenitybdd.core.pages.PageObject.openPageAtUrl(PageObject.java:831)
	at net.serenitybdd.core.pages.PageObject.open(PageObject.java:741)
	at net.serenitybdd.core.pages.PageObject.open(PageObject.java:729)
	at com.joecolantonio.serenity.steps.serenity.EndUserSteps.is_the_home_page(EndUserSteps.java:32)
	at com.joecolantonio.serenity.steps.serenity.EndUserSteps$$EnhancerByCGLIB$$a0de2756.CGLIB$is_the_home_page$0(<generated>)
	at com.joecolantonio.serenity.steps.serenity.EndUserSteps$$EnhancerByCGLIB$$a0de2756$$FastClassByCGLIB$$c9665933.invoke(<generated>)
	at net.sf.cglib.proxy.MethodProxy.invokeSuper(MethodProxy.java:228)
	at net.thucydides.core.steps.StepInterceptor.invokeMethod(StepInterceptor.java:372)
	at net.thucydides.core.steps.StepInterceptor.executeTestStepMethod(StepInterceptor.java:357)
	at net.thucydides.core.steps.StepInterceptor.runTestStep(StepInterceptor.java:332)
	at net.thucydides.core.steps.StepInterceptor.testStepResult(StepInterceptor.java:134)
	at net.thucydides.core.steps.StepInterceptor.intercept(StepInterceptor.java:61)
	at com.joecolantonio.serenity.steps.serenity.EndUserSteps$$EnhancerByCGLIB$$a0de2756.is_the_home_page(<generated>)
	at com.joecolantonio.serenity.steps.DefinitionSteps.givenTheUserIsOnTheWikionaryHomePage(DefinitionSteps.java:17)
]]></error>
    <system-out><![CDATA[Running story stories/consult_dictionary/LookupADefinition.story
Lookup a definition
(stories/consult_dictionary/LookupADefinition.story)
Narrative:
In order to talk better
As a n English student
I want to look up word definitions
Using timeout for story LookupADefinition.story of 300 secs.
Scenario: Looking up the definition of 'apple'
Given the user is on the Wikionary home page (FAILED)
(net.thucydides.core.webdriver.UnsupportedDriverException: Could not instantiate class org.openqa.selenium.firefox.FirefoxDriver)
]]></system-out>
    <system-err><![CDATA[[pool-1-thread-1] INFO net.serenitybdd.jbehave.embedders.monitors.ReportingEmbedderMonitor - 34104097story running with path stories/consult_dictionary/LookupADefinition.story
[pool-1-thread-1] INFO net.serenitybdd.core.Serenity - 

-------------------------------------------------------------------------------------
     _______. _______ .______       _______ .__   __.  __  .___________.____    ____ 
    /       ||   ____||   _  \     |   ____||  \ |  | |  | |           |\   \  /   / 
   |   (----`|  |__   |  |_)  |    |  |__   |   \|  | |  | `---|  |----` \   \/   /  
    \   \    |   __|  |      /     |   __|  |  . `  | |  |     |  |       \_    _/   
.----)   |   |  |____ |  |\  \----.|  |____ |  |\   | |  |     |  |         |  |     
|_______/    |_______|| _| `._____||_______||__| \__| |__|     |__|         |__|    
-------------------------------------------------------------------------------------

[pool-1-thread-1] INFO net.serenitybdd.core.Serenity - Test Suite Started: Lookup a definition
[pool-1-thread-1] INFO net.serenitybdd.core.Serenity - 
 _____ _____ ____ _____   ____ _____  _    ____ _____ _____ ____  
|_   _| ____/ ___|_   _| / ___|_   _|/ \  |  _ \_   _| ____|  _ \ 
  | | |  _| \___ \ | |   \___ \ | | / _ \ | |_) || | |  _| | | | |
  | | | |___ ___) || |    ___) || |/ ___ \|  _ < | | | |___| |_| |
  |_| |_____|____/ |_|   |____/ |_/_/   \_\_| \_\|_| |_____|____/ 
                                                                  

TEST STARTED: Looking up the definition of 'apple'
-------------------------------------------------------------------
[pool-1-thread-1] ERROR net.thucydides.core.webdriver.WebDriverFacade - FAILED TO CREATE NEW WEBDRIVER_DRIVER INSTANCE class org.openqa.selenium.firefox.FirefoxDriver: Could not instantiate class org.openqa.selenium.firefox.FirefoxDriver
net.thucydides.core.webdriver.UnsupportedDriverException: Could not instantiate class org.openqa.selenium.firefox.FirefoxDriver
	at net.thucydides.core.webdriver.WebDriverFactory.newWebdriverInstance(WebDriverFactory.java:128)
	at net.thucydides.core.webdriver.WebDriverFacade.newDriverInstance(WebDriverFacade.java:142)
	at net.thucydides.core.webdriver.WebDriverFacade.newProxyDriver(WebDriverFacade.java:133)
	at net.thucydides.core.webdriver.WebDriverFacade.getProxiedDriver(WebDriverFacade.java:103)
	at net.thucydides.core.webdriver.WebDriverFacade.openIgnoringHtmlUnitScriptErrors(WebDriverFacade.java:178)
	at net.thucydides.core.webdriver.WebDriverFacade.get(WebDriverFacade.java:173)
	at net.serenitybdd.core.pages.PageObject.openPageAtUrl(PageObject.java:831)
	at net.serenitybdd.core.pages.PageObject.open(PageObject.java:741)
	at net.serenitybdd.core.pages.PageObject.open(PageObject.java:729)
	at com.joecolantonio.serenity.steps.serenity.EndUserSteps.is_the_home_page(EndUserSteps.java:32)
	at com.joecolantonio.serenity.steps.serenity.EndUserSteps$$EnhancerByCGLIB$$a0de2756.CGLIB$is_the_home_page$0(<generated>)
	at com.joecolantonio.serenity.steps.serenity.EndUserSteps$$EnhancerByCGLIB$$a0de2756$$FastClassByCGLIB$$c9665933.invoke(<generated>)
	at net.sf.cglib.proxy.MethodProxy.invokeSuper(MethodProxy.java:228)
	at net.thucydides.core.steps.StepInterceptor.invokeMethod(StepInterceptor.java:372)
	at net.thucydides.core.steps.StepInterceptor.executeTestStepMethod(StepInterceptor.java:357)
	at net.thucydides.core.steps.StepInterceptor.runTestStep(StepInterceptor.java:332)
	at net.thucydides.core.steps.StepInterceptor.testStepResult(StepInterceptor.java:134)
	at net.thucydides.core.steps.StepInterceptor.intercept(StepInterceptor.java:61)
	at com.joecolantonio.serenity.steps.serenity.EndUserSteps$$EnhancerByCGLIB$$a0de2756.is_the_home_page(<generated>)
	at com.joecolantonio.serenity.steps.DefinitionSteps.givenTheUserIsOnTheWikionaryHomePage(DefinitionSteps.java:17)
	at sun.reflect.NativeMethodAccessorImpl.invoke0(Native Method)
	at sun.reflect.NativeMethodAccessorImpl.invoke(NativeMethodAccessorImpl.java:57)
	at sun.reflect.DelegatingMethodAccessorImpl.invoke(DelegatingMethodAccessorImpl.java:43)
	at java.lang.reflect.Method.invoke(Method.java:606)
	at org.jbehave.core.steps.StepCreator$ParametrisedStep.perform(StepCreator.java:599)
	at org.jbehave.core.embedder.PerformableTree$FineSoFar.run(PerformableTree.java:340)
	at org.jbehave.core.embedder.PerformableTree$PerformableSteps.perform(PerformableTree.java:1072)
	at org.jbehave.core.embedder.PerformableTree$AbstractPerformableScenario.performRestartableSteps(PerformableTree.java:938)
	at org.jbehave.core.embedder.PerformableTree$NormalPerformableScenario.perform(PerformableTree.java:977)
	at org.jbehave.core.embedder.PerformableTree$PerformableScenario.perform(PerformableTree.java:887)
	at org.jbehave.core.embedder.PerformableTree$PerformableStory.performScenarios(PerformableTree.java:811)
	at org.jbehave.core.embedder.PerformableTree$PerformableStory.perform(PerformableTree.java:784)
	at org.jbehave.core.embedder.PerformableTree.performCancellable(PerformableTree.java:416)
	at org.jbehave.core.embedder.PerformableTree.perform(PerformableTree.java:387)
	at org.jbehave.core.embedder.StoryManager$EnqueuedStory.call(StoryManager.java:291)
	at org.jbehave.core.embedder.StoryManager$EnqueuedStory.call(StoryManager.java:265)
	at java.util.concurrent.FutureTask.run(FutureTask.java:262)
	at java.util.concurrent.ThreadPoolExecutor.runWorker(ThreadPoolExecutor.java:1145)
	at java.util.concurrent.ThreadPoolExecutor$Worker.run(ThreadPoolExecutor.java:615)
	at java.lang.Thread.run(Thread.java:745)
Caused by: org.openqa.selenium.WebDriverException: Cannot find firefox binary in PATH. Make sure firefox is installed. OS appears to be: WIN8_1
Build info: version: '2.53.1', revision: 'a36b8b1cd5757287168e54b817830adce9b0158d', time: '2016-06-30 19:26:09'
System info: host: 'Lenovo-PC', ip: '192.168.209.1', os.name: 'Windows 8.1', os.arch: 'amd64', os.version: '6.3', java.version: '1.7.0_79'
Driver info: driver.version: FirefoxDriver
	at org.openqa.selenium.firefox.internal.Executable.<init>(Executable.java:75)
	at org.openqa.selenium.firefox.FirefoxBinary.<init>(FirefoxBinary.java:60)
	at org.openqa.selenium.firefox.FirefoxBinary.<init>(FirefoxBinary.java:56)
	at org.openqa.selenium.firefox.FirefoxDriver.getBinary(FirefoxDriver.java:203)
	at org.openqa.selenium.firefox.FirefoxDriver.<init>(FirefoxDriver.java:128)
	at net.thucydides.core.webdriver.strategies.FirefoxDriverBuilder.newInstance(FirefoxDriverBuilder.java:34)
	at net.thucydides.core.webdriver.WebDriverFactory.newWebdriverInstance(WebDriverFactory.java:116)
	... 39 more
]]></system-err>
  </testcase>
  <testcase name="When the user looks up the definition of the word &apos;apple&apos;" classname="com.joecolantonio.serenity.steps.DefinitionSteps" time="0">
    <skipped/>
    <system-out><![CDATA[When the user looks up the definition of the word 'apple' (NOT PERFORMED)
]]></system-out>
  </testcase>
  <testcase name="Then they should see the definition &apos;A common, round fruit produced by the tree Malus domestica, cultivated in temperate climates.&apos;" classname="com.joecolantonio.serenity.steps.DefinitionSteps" time="0">
    <skipped/>
    <system-out><![CDATA[Then they should see the definition 'A common, round fruit produced by the tree Malus domestica, cultivated in temperate climates.' (NOT PERFORMED)
]]></system-out>
  </testcase>
  <testcase name="Scenario: Looking up the definition of &apos;apple&apos;" classname="Scenario: Looking up the definition of &apos;apple&apos;" time="0.566">
    <failure message="scenario failed!" type="java.lang.AssertionError">java.lang.AssertionError: scenario failed!
	at de.codecentric.jbehave.junit.monitoring.JUnitScenarioReporter.afterScenario(JUnitScenarioReporter.java:218)
	at org.jbehave.core.reporters.DelegatingStoryReporter.afterScenario(DelegatingStoryReporter.java:43)
	at org.jbehave.core.reporters.ConcurrentStoryReporter.afterScenario(ConcurrentStoryReporter.java:176)
	at org.jbehave.core.embedder.PerformableTree$PerformableScenario.perform(PerformableTree.java:890)
	at org.jbehave.core.embedder.PerformableTree$PerformableStory.performScenarios(PerformableTree.java:811)
	at org.jbehave.core.embedder.PerformableTree$PerformableStory.perform(PerformableTree.java:784)
	at org.jbehave.core.embedder.PerformableTree.performCancellable(PerformableTree.java:416)
	at org.jbehave.core.embedder.PerformableTree.perform(PerformableTree.java:387)
	at org.jbehave.core.embedder.StoryManager$EnqueuedStory.call(StoryManager.java:291)
	at org.jbehave.core.embedder.StoryManager$EnqueuedStory.call(StoryManager.java:265)
	at java.util.concurrent.FutureTask.run(FutureTask.java:262)
	at java.util.concurrent.ThreadPoolExecutor.runWorker(ThreadPoolExecutor.java:1145)
	at java.util.concurrent.ThreadPoolExecutor$Worker.run(ThreadPoolExecutor.java:615)
	at java.lang.Thread.run(Thread.java:745)
</failure>
    <system-out><![CDATA[
net.thucydides.core.webdriver.UnsupportedDriverException: Could not instantiate class org.openqa.selenium.firefox.FirefoxDriver
	at net.thucydides.core.webdriver.WebDriverFacade.newDriverInstance(WebDriverFacade.java:146)
	at net.thucydides.core.webdriver.WebDriverFacade.newProxyDriver(WebDriverFacade.java:133)
	at net.thucydides.core.webdriver.WebDriverFacade.getProxiedDriver(WebDriverFacade.java:103)
	at net.thucydides.core.webdriver.WebDriverFacade.openIgnoringHtmlUnitScriptErrors(WebDriverFacade.java:178)
	at net.thucydides.core.webdriver.WebDriverFacade.get(WebDriverFacade.java:173)
	at net.serenitybdd.core.pages.PageObject.openPageAtUrl(PageObject.java:831)
	at net.serenitybdd.core.pages.PageObject.open(PageObject.java:741)
	at net.serenitybdd.core.pages.PageObject.open(PageObject.java:729)
	at com.joecolantonio.serenity.steps.serenity.EndUserSteps.is_the_home_page(EndUserSteps.java:32)
	at com.joecolantonio.serenity.steps.serenity.EndUserSteps$$EnhancerByCGLIB$$a0de2756.CGLIB$is_the_home_page$0(<generated>)
	at com.joecolantonio.serenity.steps.serenity.EndUserSteps$$EnhancerByCGLIB$$a0de2756$$FastClassByCGLIB$$c9665933.invoke(<generated>)
	at net.sf.cglib.proxy.MethodProxy.invokeSuper(MethodProxy.java:228)
	at net.thucydides.core.steps.StepInterceptor.invokeMethod(StepInterceptor.java:372)
	at net.thucydides.core.steps.StepInterceptor.executeTestStepMethod(StepInterceptor.java:357)
	at net.thucydides.core.steps.StepInterceptor.runTestStep(StepInterceptor.java:332)
	at net.thucydides.core.steps.StepInterceptor.testStepResult(StepInterceptor.java:134)
	at net.thucydides.core.steps.StepInterceptor.intercept(StepInterceptor.java:61)
	at com.joecolantonio.serenity.steps.serenity.EndUserSteps$$EnhancerByCGLIB$$a0de2756.is_the_home_page(<generated>)
	at com.joecolantonio.serenity.steps.DefinitionSteps.givenTheUserIsOnTheWikionaryHomePage(DefinitionSteps.java:17)
	(reflection-invoke)
	at org.jbehave.core.steps.StepCreator$ParametrisedStep.perform(StepCreator.java:599)
	at org.jbehave.core.embedder.PerformableTree$FineSoFar.run(PerformableTree.java:340)
...
]]></system-out>
    <system-err><![CDATA[[pool-1-thread-1] WARN net.thucydides.core.requirements.PackageRequirementsTagProvider - To generate correct requirements coverage reports you need to set the 'serenity.test.root' property to the package representing the top of your requirements hierarchy.
[pool-1-thread-1] ERROR net.serenitybdd.core.Serenity - 
           __  _____ _____ ____ _____   _____ _    ___ _     _____ ____  
  _       / / |_   _| ____/ ___|_   _| |  ___/ \  |_ _| |   | ____|  _ \ 
 (_)_____| |    | | |  _| \___ \ | |   | |_ / _ \  | || |   |  _| | | | |
  _|_____| |    | | | |___ ___) || |   |  _/ ___ \ | || |___| |___| |_| |
 (_)     | |    |_| |_____|____/ |_|   |_|/_/   \_\___|_____|_____|____/ 
          \_\                                                            

TEST FAILED WITH ERROR: Looking up the definition of 'apple'
---------------------------------------------------------------------
[pool-1-thread-1] ERROR net.serenitybdd.core.Serenity - TEST FAILED AT STEP Is the home page
[pool-1-thread-1] ERROR net.serenitybdd.core.Serenity - Could not instantiate class org.openqa.selenium.firefox.FirefoxDriver
]]></system-err>
  </testcase>
  <testcase name="Given the user is on the Wikionary home page​" classname="com.joecolantonio.serenity.steps.DefinitionSteps" time="0.037">
    <error message="Could not instantiate class org.openqa.selenium.firefox.FirefoxDriver" type="net.thucydides.core.webdriver.UnsupportedDriverException"><![CDATA[net.thucydides.core.webdriver.UnsupportedDriverException: Could not instantiate class org.openqa.selenium.firefox.FirefoxDriver
	at org.openqa.selenium.firefox.internal.Executable.<init>(Executable.java:75)
	at org.openqa.selenium.firefox.FirefoxBinary.<init>(FirefoxBinary.java:60)
	at org.openqa.selenium.firefox.FirefoxBinary.<init>(FirefoxBinary.java:56)
	at org.openqa.selenium.firefox.FirefoxDriver.getBinary(FirefoxDriver.java:203)
	at org.openqa.selenium.firefox.FirefoxDriver.<init>(FirefoxDriver.java:128)
	at net.thucydides.core.webdriver.strategies.FirefoxDriverBuilder.newInstance(FirefoxDriverBuilder.java:34)
	at net.thucydides.core.webdriver.WebDriverFactory.newWebdriverInstance(WebDriverFactory.java:116)
	at net.thucydides.core.webdriver.WebDriverFacade.newDriverInstance(WebDriverFacade.java:142)
	at net.thucydides.core.webdriver.WebDriverFacade.newProxyDriver(WebDriverFacade.java:133)
	at net.thucydides.core.webdriver.WebDriverFacade.getProxiedDriver(WebDriverFacade.java:103)
	at net.thucydides.core.webdriver.WebDriverFacade.openIgnoringHtmlUnitScriptErrors(WebDriverFacade.java:178)
	at net.thucydides.core.webdriver.WebDriverFacade.get(WebDriverFacade.java:173)
	at net.serenitybdd.core.pages.PageObject.openPageAtUrl(PageObject.java:831)
	at net.serenitybdd.core.pages.PageObject.open(PageObject.java:741)
	at net.serenitybdd.core.pages.PageObject.open(PageObject.java:729)
	at com.joecolantonio.serenity.steps.serenity.EndUserSteps.is_the_home_page(EndUserSteps.java:32)
	at com.joecolantonio.serenity.steps.serenity.EndUserSteps$$EnhancerByCGLIB$$a0de2756.CGLIB$is_the_home_page$0(<generated>)
	at com.joecolantonio.serenity.steps.serenity.EndUserSteps$$EnhancerByCGLIB$$a0de2756$$FastClassByCGLIB$$c9665933.invoke(<generated>)
	at net.sf.cglib.proxy.MethodProxy.invokeSuper(MethodProxy.java:228)
	at net.thucydides.core.steps.StepInterceptor.invokeMethod(StepInterceptor.java:372)
	at net.thucydides.core.steps.StepInterceptor.executeTestStepMethod(StepInterceptor.java:357)
	at net.thucydides.core.steps.StepInterceptor.runTestStep(StepInterceptor.java:332)
	at net.thucydides.core.steps.StepInterceptor.testStepResult(StepInterceptor.java:134)
	at net.thucydides.core.steps.StepInterceptor.intercept(StepInterceptor.java:61)
	at com.joecolantonio.serenity.steps.serenity.EndUserSteps$$EnhancerByCGLIB$$a0de2756.is_the_home_page(<generated>)
	at com.joecolantonio.serenity.steps.DefinitionSteps.givenTheUserIsOnTheWikionaryHomePage(DefinitionSteps.java:17)
]]></error>
    <system-out><![CDATA[Scenario: Looking up the definition of 'pear'
Given the user is on the Wikionary home page (FAILED)
(net.thucydides.core.webdriver.UnsupportedDriverException: Could not instantiate class org.openqa.selenium.firefox.FirefoxDriver)
]]></system-out>
    <system-err><![CDATA[[pool-1-thread-1] INFO net.serenitybdd.core.Serenity - 
 _____ _____ ____ _____   ____ _____  _    ____ _____ _____ ____  
|_   _| ____/ ___|_   _| / ___|_   _|/ \  |  _ \_   _| ____|  _ \ 
  | | |  _| \___ \ | |   \___ \ | | / _ \ | |_) || | |  _| | | | |
  | | | |___ ___) || |    ___) || |/ ___ \|  _ < | | | |___| |_| |
  |_| |_____|____/ |_|   |____/ |_/_/   \_\_| \_\|_| |_____|____/ 
                                                                  

TEST STARTED: Looking up the definition of 'pear'
-------------------------------------------------------------------
[pool-1-thread-1] ERROR net.thucydides.core.webdriver.WebDriverFacade - FAILED TO CREATE NEW WEBDRIVER_DRIVER INSTANCE class org.openqa.selenium.firefox.FirefoxDriver: Could not instantiate class org.openqa.selenium.firefox.FirefoxDriver
net.thucydides.core.webdriver.UnsupportedDriverException: Could not instantiate class org.openqa.selenium.firefox.FirefoxDriver
	at net.thucydides.core.webdriver.WebDriverFactory.newWebdriverInstance(WebDriverFactory.java:128)
	at net.thucydides.core.webdriver.WebDriverFacade.newDriverInstance(WebDriverFacade.java:142)
	at net.thucydides.core.webdriver.WebDriverFacade.newProxyDriver(WebDriverFacade.java:133)
	at net.thucydides.core.webdriver.WebDriverFacade.getProxiedDriver(WebDriverFacade.java:103)
	at net.thucydides.core.webdriver.WebDriverFacade.openIgnoringHtmlUnitScriptErrors(WebDriverFacade.java:178)
	at net.thucydides.core.webdriver.WebDriverFacade.get(WebDriverFacade.java:173)
	at net.serenitybdd.core.pages.PageObject.openPageAtUrl(PageObject.java:831)
	at net.serenitybdd.core.pages.PageObject.open(PageObject.java:741)
	at net.serenitybdd.core.pages.PageObject.open(PageObject.java:729)
	at com.joecolantonio.serenity.steps.serenity.EndUserSteps.is_the_home_page(EndUserSteps.java:32)
	at com.joecolantonio.serenity.steps.serenity.EndUserSteps$$EnhancerByCGLIB$$a0de2756.CGLIB$is_the_home_page$0(<generated>)
	at com.joecolantonio.serenity.steps.serenity.EndUserSteps$$EnhancerByCGLIB$$a0de2756$$FastClassByCGLIB$$c9665933.invoke(<generated>)
	at net.sf.cglib.proxy.MethodProxy.invokeSuper(MethodProxy.java:228)
	at net.thucydides.core.steps.StepInterceptor.invokeMethod(StepInterceptor.java:372)
	at net.thucydides.core.steps.StepInterceptor.executeTestStepMethod(StepInterceptor.java:357)
	at net.thucydides.core.steps.StepInterceptor.runTestStep(StepInterceptor.java:332)
	at net.thucydides.core.steps.StepInterceptor.testStepResult(StepInterceptor.java:134)
	at net.thucydides.core.steps.StepInterceptor.intercept(StepInterceptor.java:61)
	at com.joecolantonio.serenity.steps.serenity.EndUserSteps$$EnhancerByCGLIB$$a0de2756.is_the_home_page(<generated>)
	at com.joecolantonio.serenity.steps.DefinitionSteps.givenTheUserIsOnTheWikionaryHomePage(DefinitionSteps.java:17)
	at sun.reflect.NativeMethodAccessorImpl.invoke0(Native Method)
	at sun.reflect.NativeMethodAccessorImpl.invoke(NativeMethodAccessorImpl.java:57)
	at sun.reflect.DelegatingMethodAccessorImpl.invoke(DelegatingMethodAccessorImpl.java:43)
	at java.lang.reflect.Method.invoke(Method.java:606)
	at org.jbehave.core.steps.StepCreator$ParametrisedStep.perform(StepCreator.java:599)
	at org.jbehave.core.embedder.PerformableTree$FineSoFar.run(PerformableTree.java:340)
	at org.jbehave.core.embedder.PerformableTree$PerformableSteps.perform(PerformableTree.java:1072)
	at org.jbehave.core.embedder.PerformableTree$AbstractPerformableScenario.performRestartableSteps(PerformableTree.java:938)
	at org.jbehave.core.embedder.PerformableTree$NormalPerformableScenario.perform(PerformableTree.java:977)
	at org.jbehave.core.embedder.PerformableTree$PerformableScenario.perform(PerformableTree.java:887)
	at org.jbehave.core.embedder.PerformableTree$PerformableStory.performScenarios(PerformableTree.java:811)
	at org.jbehave.core.embedder.PerformableTree$PerformableStory.perform(PerformableTree.java:784)
	at org.jbehave.core.embedder.PerformableTree.performCancellable(PerformableTree.java:416)
	at org.jbehave.core.embedder.PerformableTree.perform(PerformableTree.java:387)
	at org.jbehave.core.embedder.StoryManager$EnqueuedStory.call(StoryManager.java:291)
	at org.jbehave.core.embedder.StoryManager$EnqueuedStory.call(StoryManager.java:265)
	at java.util.concurrent.FutureTask.run(FutureTask.java:262)
	at java.util.concurrent.ThreadPoolExecutor.runWorker(ThreadPoolExecutor.java:1145)
	at java.util.concurrent.ThreadPoolExecutor$Worker.run(ThreadPoolExecutor.java:615)
	at java.lang.Thread.run(Thread.java:745)
Caused by: org.openqa.selenium.WebDriverException: Cannot find firefox binary in PATH. Make sure firefox is installed. OS appears to be: WIN8_1
Build info: version: '2.53.1', revision: 'a36b8b1cd5757287168e54b817830adce9b0158d', time: '2016-06-30 19:26:09'
System info: host: 'Lenovo-PC', ip: '192.168.209.1', os.name: 'Windows 8.1', os.arch: 'amd64', os.version: '6.3', java.version: '1.7.0_79'
Driver info: driver.version: FirefoxDriver
	at org.openqa.selenium.firefox.internal.Executable.<init>(Executable.java:75)
	at org.openqa.selenium.firefox.FirefoxBinary.<init>(FirefoxBinary.java:60)
	at org.openqa.selenium.firefox.FirefoxBinary.<init>(FirefoxBinary.java:56)
	at org.openqa.selenium.firefox.FirefoxDriver.getBinary(FirefoxDriver.java:203)
	at org.openqa.selenium.firefox.FirefoxDriver.<init>(FirefoxDriver.java:128)
	at net.thucydides.core.webdriver.strategies.FirefoxDriverBuilder.newInstance(FirefoxDriverBuilder.java:34)
	at net.thucydides.core.webdriver.WebDriverFactory.newWebdriverInstance(WebDriverFactory.java:116)
	... 39 more
]]></system-err>
  </testcase>
  <testcase name="When the user looks up the definition of the word &apos;pear&apos;" classname="com.joecolantonio.serenity.steps.DefinitionSteps" time="0">
    <skipped/>
    <system-out><![CDATA[When the user looks up the definition of the word 'pear' (NOT PERFORMED)
]]></system-out>
  </testcase>
  <testcase name="Then they should see the definition &apos;An edible fruit produced by the pear tree, similar to an apple but elongated towards the stem.&apos;" classname="com.joecolantonio.serenity.steps.DefinitionSteps" time="0">
    <skipped/>
    <system-out><![CDATA[Then they should see the definition 'An edible fruit produced by the pear tree, similar to an apple but elongated towards the stem.' (NOT PERFORMED)
]]></system-out>
  </testcase>
  <testcase name="Scenario: Looking up the definition of &apos;pear&apos;" classname="Scenario: Looking up the definition of &apos;pear&apos;" time="0.063">
    <failure message="scenario failed!" type="java.lang.AssertionError">java.lang.AssertionError: scenario failed!
	at de.codecentric.jbehave.junit.monitoring.JUnitScenarioReporter.afterScenario(JUnitScenarioReporter.java:218)
	at org.jbehave.core.reporters.DelegatingStoryReporter.afterScenario(DelegatingStoryReporter.java:43)
	at org.jbehave.core.reporters.ConcurrentStoryReporter.afterScenario(ConcurrentStoryReporter.java:176)
	at org.jbehave.core.embedder.PerformableTree$PerformableScenario.perform(PerformableTree.java:890)
	at org.jbehave.core.embedder.PerformableTree$PerformableStory.performScenarios(PerformableTree.java:811)
	at org.jbehave.core.embedder.PerformableTree$PerformableStory.perform(PerformableTree.java:784)
	at org.jbehave.core.embedder.PerformableTree.performCancellable(PerformableTree.java:416)
	at org.jbehave.core.embedder.PerformableTree.perform(PerformableTree.java:387)
	at org.jbehave.core.embedder.StoryManager$EnqueuedStory.call(StoryManager.java:291)
	at org.jbehave.core.embedder.StoryManager$EnqueuedStory.call(StoryManager.java:265)
	at java.util.concurrent.FutureTask.run(FutureTask.java:262)
	at java.util.concurrent.ThreadPoolExecutor.runWorker(ThreadPoolExecutor.java:1145)
	at java.util.concurrent.ThreadPoolExecutor$Worker.run(ThreadPoolExecutor.java:615)
	at java.lang.Thread.run(Thread.java:745)
</failure>
    <system-out><![CDATA[
net.thucydides.core.webdriver.UnsupportedDriverException: Could not instantiate class org.openqa.selenium.firefox.FirefoxDriver
	at net.thucydides.core.webdriver.WebDriverFacade.newDriverInstance(WebDriverFacade.java:146)
	at net.thucydides.core.webdriver.WebDriverFacade.newProxyDriver(WebDriverFacade.java:133)
	at net.thucydides.core.webdriver.WebDriverFacade.getProxiedDriver(WebDriverFacade.java:103)
	at net.thucydides.core.webdriver.WebDriverFacade.openIgnoringHtmlUnitScriptErrors(WebDriverFacade.java:178)
	at net.thucydides.core.webdriver.WebDriverFacade.get(WebDriverFacade.java:173)
	at net.serenitybdd.core.pages.PageObject.openPageAtUrl(PageObject.java:831)
	at net.serenitybdd.core.pages.PageObject.open(PageObject.java:741)
	at net.serenitybdd.core.pages.PageObject.open(PageObject.java:729)
	at com.joecolantonio.serenity.steps.serenity.EndUserSteps.is_the_home_page(EndUserSteps.java:32)
	at com.joecolantonio.serenity.steps.serenity.EndUserSteps$$EnhancerByCGLIB$$a0de2756.CGLIB$is_the_home_page$0(<generated>)
	at com.joecolantonio.serenity.steps.serenity.EndUserSteps$$EnhancerByCGLIB$$a0de2756$$FastClassByCGLIB$$c9665933.invoke(<generated>)
	at net.sf.cglib.proxy.MethodProxy.invokeSuper(MethodProxy.java:228)
	at net.thucydides.core.steps.StepInterceptor.invokeMethod(StepInterceptor.java:372)
	at net.thucydides.core.steps.StepInterceptor.executeTestStepMethod(StepInterceptor.java:357)
	at net.thucydides.core.steps.StepInterceptor.runTestStep(StepInterceptor.java:332)
	at net.thucydides.core.steps.StepInterceptor.testStepResult(StepInterceptor.java:134)
	at net.thucydides.core.steps.StepInterceptor.intercept(StepInterceptor.java:61)
	at com.joecolantonio.serenity.steps.serenity.EndUserSteps$$EnhancerByCGLIB$$a0de2756.is_the_home_page(<generated>)
	at com.joecolantonio.serenity.steps.DefinitionSteps.givenTheUserIsOnTheWikionaryHomePage(DefinitionSteps.java:17)
	(reflection-invoke)
	at org.jbehave.core.steps.StepCreator$ParametrisedStep.perform(StepCreator.java:599)
	at org.jbehave.core.embedder.PerformableTree$FineSoFar.run(PerformableTree.java:340)
...
]]></system-out>
    <system-err><![CDATA[[pool-1-thread-1] ERROR net.serenitybdd.core.Serenity - 
           __  _____ _____ ____ _____   _____ _    ___ _     _____ ____  
  _       / / |_   _| ____/ ___|_   _| |  ___/ \  |_ _| |   | ____|  _ \ 
 (_)_____| |    | | |  _| \___ \ | |   | |_ / _ \  | || |   |  _| | | | |
  _|_____| |    | | | |___ ___) || |   |  _/ ___ \ | || |___| |___| |_| |
 (_)     | |    |_| |_____|____/ |_|   |_|/_/   \_\___|_____|_____|____/ 
          \_\                                                            

TEST FAILED WITH ERROR: Looking up the definition of 'pear'
---------------------------------------------------------------------
[pool-1-thread-1] ERROR net.serenitybdd.core.Serenity - TEST FAILED AT STEP Is the home page
[pool-1-thread-1] ERROR net.serenitybdd.core.Serenity - Could not instantiate class org.openqa.selenium.firefox.FirefoxDriver
]]></system-err>
  </testcase>
  <testcase name="LookupADefinition.story" classname="LookupADefinition.story" time="0.067">
    <failure message="story failed!" type="java.lang.AssertionError">java.lang.AssertionError: story failed!
	at de.codecentric.jbehave.junit.monitoring.JUnitScenarioReporter.afterStory(JUnitScenarioReporter.java:143)
	at org.jbehave.core.reporters.DelegatingStoryReporter.afterStory(DelegatingStoryReporter.java:49)
	at org.jbehave.core.reporters.ConcurrentStoryReporter.afterStory(ConcurrentStoryReporter.java:122)
	at org.jbehave.core.embedder.PerformableTree$PerformableStory.perform(PerformableTree.java:792)
	at org.jbehave.core.embedder.PerformableTree.performCancellable(PerformableTree.java:416)
	at org.jbehave.core.embedder.PerformableTree.perform(PerformableTree.java:387)
	at org.jbehave.core.embedder.StoryManager$EnqueuedStory.call(StoryManager.java:291)
	at org.jbehave.core.embedder.StoryManager$EnqueuedStory.call(StoryManager.java:265)
	at java.util.concurrent.FutureTask.run(FutureTask.java:262)
	at java.util.concurrent.ThreadPoolExecutor.runWorker(ThreadPoolExecutor.java:1145)
	at java.util.concurrent.ThreadPoolExecutor$Worker.run(ThreadPoolExecutor.java:615)
	at java.lang.Thread.run(Thread.java:745)
</failure>
    <system-out><![CDATA[
]]></system-out>
  </testcase>
  <testcase name="AfterStories" classname="java.lang.Object" time="0.891"/>
  <testcase name="com.joecolantonio.serenity.AcceptanceTestSuite" classname="org.apache.maven.surefire.junit4.JUnit4Provider" time="1.21">
    <error message="org.jbehave.core.embedder.Embedder$RunningStoriesFailed: Failures in running stories: &#10;org.jbehave.core.embedder.PerformableTree$SomethingHappened@7c70e01: net.thucydides.core.webdriver.UnsupportedDriverException: Could not instantiate class org.openqa.selenium.firefox.FirefoxDriver" type="java.lang.RuntimeException">java.lang.RuntimeException: org.jbehave.core.embedder.Embedder$RunningStoriesFailed: Failures in running stories: 
org.jbehave.core.embedder.PerformableTree$SomethingHappened@7c70e01: net.thucydides.core.webdriver.UnsupportedDriverException: Could not instantiate class org.openqa.selenium.firefox.FirefoxDriver
	at org.jbehave.core.embedder.Embedder$ThrowingRunningStoriesFailed.handleFailures(Embedder.java:553)
	at org.jbehave.core.embedder.Embedder.handleFailures(Embedder.java:238)
	at org.jbehave.core.embedder.Embedder.runStoriesAsPaths(Embedder.java:216)
	at net.serenitybdd.jbehave.embedders.ExtendedEmbedder.runStoriesAsPaths(ExtendedEmbedder.java:60)
	at net.serenitybdd.jbehave.runners.SerenityReportingRunner.run(SerenityReportingRunner.java:175)
	at org.apache.maven.surefire.junit4.JUnit4Provider.execute(JUnit4Provider.java:283)
	at org.apache.maven.surefire.junit4.JUnit4Provider.executeWithRerun(JUnit4Provider.java:173)
	at org.apache.maven.surefire.junit4.JUnit4Provider.executeTestSet(JUnit4Provider.java:153)
	at org.apache.maven.surefire.junit4.JUnit4Provider.invoke(JUnit4Provider.java:128)
</error>
    <system-out><![CDATA[Generating reports view to 'D:\Personal\Projects\mySerenity\target\jbehave' using formats '[stats, console, html, xml, serenityreporter, junitscenarioreporter]' and view properties '{decorateNonHtml=true}'
Reports view generated with 2 stories (of which 0 pending) containing 2 scenarios (of which 0 pending)
Failures in reports view: 2 scenarios failed
]]></system-out>
  </testcase>
</testsuite>